<?xml version="1.0" encoding="UTF-8"?>
<!-- Generated by org.testng.reporters.JUnitReportReporter -->
<testsuite hostname="BALAGANESH" name="Applicationtest.Myscripts" tests="1" failures="0" timestamp="7 Aug 2019 12:51:34 GMT" time="26.821" errors="0">
  <testcase name="Signin" time="26.821" classname="Applicationtest.Myscripts"/>
</testsuite> <!-- Applicationtest.Myscripts -->
